<?xml version="1.0" encoding="utf-8"?><testsuites name="pytest tests"><testsuite name="pytest" errors="0" failures="1" skipped="0" tests="26" time="5.469" timestamp="2026-05-18T17:02:05.562286+00:00" hostname="agent-env-6173dcb5-0745-4d49-b078-a9cae2b09f75"><testcase classname="backend.tests.backend_test.TestHealth" name="test_root" time="0.188" /><testcase classname="backend.tests.backend_test.TestPackages" name="test_list_all_packages" time="0.070" /><testcase classname="backend.tests.backend_test.TestPackages" name="test_filter_hosting" time="0.074" /><testcase classname="backend.tests.backend_test.TestPackages" name="test_filter_addons" time="0.075" /><testcase classname="backend.tests.backend_test.TestPackages" name="test_filter_maps" time="0.083" /><testcase classname="backend.tests.backend_test.TestPackages" name="test_get_single_package" time="0.147" /><testcase classname="backend.tests.backend_test.TestPackages" name="test_get_package_404" time="0.073" /><testcase classname="backend.tests.backend_test.TestAdminAuth" name="test_login_success" time="0.299" /><testcase classname="backend.tests.backend_test.TestAdminAuth" name="test_login_wrong_password" time="0.299" /><testcase classname="backend.tests.backend_test.TestAdminAuth" name="test_login_unknown_email" time="0.112" /><testcase classname="backend.tests.backend_test.TestAdminAuth" name="test_me_with_token" time="0.483" /><testcase classname="backend.tests.backend_test.TestAdminAuth" name="test_me_without_token" time="0.071" /><testcase classname="backend.tests.backend_test.TestAdminAuth" name="test_me_invalid_token" time="0.064" /><testcase classname="backend.tests.backend_test.TestAdminPackageCRUD" name="test_create_without_token" time="0.068" /><testcase classname="backend.tests.backend_test.TestAdminPackageCRUD" name="test_create_persists" time="0.146" /><testcase classname="backend.tests.backend_test.TestAdminPackageCRUD" name="test_update_package" time="0.221" /><testcase classname="backend.tests.backend_test.TestAdminPackageCRUD" name="test_update_404" time="0.064" /><testcase classname="backend.tests.backend_test.TestAdminPackageCRUD" name="test_delete_package" time="0.152" /><testcase classname="backend.tests.backend_test.TestAdminPackageCRUD" name="test_delete_404" time="0.051" /><testcase classname="backend.tests.backend_test.TestTransactions" name="test_list_without_token" time="0.073" /><testcase classname="backend.tests.backend_test.TestTransactions" name="test_list_with_token" time="0.054" /><testcase classname="backend.tests.backend_test.TestCheckout" name="test_checkout_invalid_pkg" time="0.074" /><testcase classname="backend.tests.backend_test.TestCheckout" name="test_checkout_creates_session" time="2.106"><failure message="assert 500 == 200&#10; +  where 500 = &lt;Response [500]&gt;.status_code">backend/tests/backend_test.py:253: in test_checkout_creates_session
    assert sr.status_code == 200
E   assert 500 == 200
E    +  where 500 = &lt;Response [500]&gt;.status_code</failure></testcase><testcase classname="backend.tests.backend_test.TestCheckout" name="test_checkout_status_404" time="0.072" /><testcase classname="backend.tests.backend_test.TestContact" name="test_submit_contact" time="0.088" /><testcase classname="backend.tests.backend_test.TestContact" name="test_contact_invalid_email" time="0.069" /></testsuite></testsuites>